
> server
> npm.cmd start --prefix server


> hms_server@1.0.0 start
> nodemon --watch src --watch controllers --watch models --watch routes --ext ts,js,json --exec ts-node --transpile-only src/app.ts

[33m[nodemon] 2.0.22[39m
[33m[nodemon] to restart at any time, enter `rs`[39m
[33m[nodemon] watching path(s): src\**\* controllers\**\* models\**\* routes\**\*[39m
[33m[nodemon] watching extensions: ts,js,json[39m
[32m[nodemon] starting `ts-node --transpile-only src/app.ts`[39m
App listening on port 3001
{
  firstName: 'Abdi',
  lastName: 'Fana',
  username: 'abdimerera@gmail.com',
  email: 'abdimerera@gmail.com',
  password: '$2b$10$7AaodZj5qcjzRxJfpuYcJOUWCH5sX/M1OUJeMvEQc9axB9O2YOQoS',
  confirmPassword: '$2b$10$7AaodZj5qcjzRxJfpuYcJOUWCH5sX/M1OUJeMvEQc9axB9O2YOQoS',
  userId: '6a1943fbbb04b083607a5663'
}
{
  firstName: 'Abdi',
  lastName: 'Fana',
  username: 'abdimerera@gmail.com',
  email: 'abdimerera@gmail.com',
  password: '$2b$10$7AaodZj5qcjzRxJfpuYcJOUWCH5sX/M1OUJeMvEQc9axB9O2YOQoS',
  confirmPassword: '$2b$10$7AaodZj5qcjzRxJfpuYcJOUWCH5sX/M1OUJeMvEQc9axB9O2YOQoS',
  userId: '6a1943fbbb04b083607a5663'
}
[32m[nodemon] restarting due to changes...[39m
[32m[nodemon] starting `ts-node --transpile-only src/app.ts`[39m
[31m[nodemon] app crashed - waiting for file changes before starting...[39m
[32m[nodemon] restarting due to changes...[39m
[32m[nodemon] starting `ts-node --transpile-only src/app.ts`[39m
App listening on port 3001
[32m[nodemon] restarting due to changes...[39m
[32m[nodemon] starting `ts-node --transpile-only src/app.ts`[39m
[31m[nodemon] app crashed - waiting for file changes before starting...[39m
[32m[nodemon] restarting due to changes...[39m
[32m[nodemon] starting `ts-node --transpile-only src/app.ts`[39m
App listening on port 3001
[32m[nodemon] restarting due to changes...[39m
[32m[nodemon] starting `ts-node --transpile-only src/app.ts`[39m
[31m[nodemon] app crashed - waiting for file changes before starting...[39m
[32m[nodemon] restarting due to changes...[39m
[32m[nodemon] starting `ts-node --transpile-only src/app.ts`[39m
App listening on port 3001
[32m[nodemon] restarting due to changes...[39m
[32m[nodemon] starting `ts-node --transpile-only src/app.ts`[39m
[31m[nodemon] app crashed - waiting for file changes before starting...[39m
[32m[nodemon] restarting due to changes...[39m
[32m[nodemon] starting `ts-node --transpile-only src/app.ts`[39m
App listening on port 3001
[32m[nodemon] restarting due to changes...[39m
[32m[nodemon] starting `ts-node --transpile-only src/app.ts`[39m
[31m[nodemon] app crashed - waiting for file changes before starting...[39m
[32m[nodemon] restarting due to changes...[39m
[32m[nodemon] starting `ts-node --transpile-only src/app.ts`[39m
App listening on port 3001
[32m[nodemon] restarting due to changes...[39m
[32m[nodemon] restarting due to changes...[39m
[32m[nodemon] starting `ts-node --transpile-only src/app.ts`[39m
[31m[nodemon] app crashed - waiting for file changes before starting...[39m
[32m[nodemon] restarting due to changes...[39m
[32m[nodemon] starting `ts-node --transpile-only src/app.ts`[39m
App listening on port 3001
[32m[nodemon] restarting due to changes...[39m
[32m[nodemon] starting `ts-node --transpile-only src/app.ts`[39m
[31m[nodemon] app crashed - waiting for file changes before starting...[39m
[32m[nodemon] restarting due to changes...[39m
[32m[nodemon] starting `ts-node --transpile-only src/app.ts`[39m
App listening on port 3001
[31m[nodemon] app crashed - waiting for file changes before starting...[39m
[32m[nodemon] restarting due to changes...[39m
[32m[nodemon] starting `ts-node --transpile-only src/app.ts`[39m
App listening on port 3001
[32m[nodemon] restarting due to changes...[39m
[32m[nodemon] starting `ts-node --transpile-only src/app.ts`[39m
[31m[nodemon] app crashed - waiting for file changes before starting...[39m
[32m[nodemon] restarting due to changes...[39m
[32m[nodemon] starting `ts-node --transpile-only src/app.ts`[39m
App listening on port 3001
[32m[nodemon] restarting due to changes...[39m
[32m[nodemon] starting `ts-node --transpile-only src/app.ts`[39m
[31m[nodemon] app crashed - waiting for file changes before starting...[39m
[32m[nodemon] restarting due to changes...[39m
[32m[nodemon] starting `ts-node --transpile-only src/app.ts`[39m
[32m[nodemon] restarting due to changes...[39m
[32m[nodemon] restarting due to changes...[39m
[32m[nodemon] restarting due to changes...[39m
[32m[nodemon] starting `ts-node --transpile-only src/app.ts`[39m
App listening on port 3001
[32m[nodemon] restarting due to changes...[39m
[32m[nodemon] restarting due to changes...[39m
[32m[nodemon] restarting due to changes...[39m
[32m[nodemon] starting `ts-node --transpile-only src/app.ts`[39m
[32m[nodemon] restarting due to changes...[39m
[32m[nodemon] restarting due to changes...[39m
[32m[nodemon] starting `ts-node --transpile-only src/app.ts`[39m
[32m[nodemon] restarting due to changes...[39m
[32m[nodemon] restarting due to changes...[39m
[32m[nodemon] starting `ts-node --transpile-only src/app.ts`[39m
[31m[nodemon] app crashed - waiting for file changes before starting...[39m
[32m[nodemon] restarting due to changes...[39m
[32m[nodemon] starting `ts-node --transpile-only src/app.ts`[39m
[32m[nodemon] restarting due to changes...[39m
[32m[nodemon] restarting due to changes...[39m
[32m[nodemon] restarting due to changes...[39m
[32m[nodemon] starting `ts-node --transpile-only src/app.ts`[39m
App listening on port 3001
[32m[nodemon] restarting due to changes...[39m
[32m[nodemon] starting `ts-node --transpile-only src/app.ts`[39m
[31m[nodemon] app crashed - waiting for file changes before starting...[39m
[32m[nodemon] restarting due to changes...[39m
[32m[nodemon] starting `ts-node --transpile-only src/app.ts`[39m
[32m[nodemon] restarting due to changes...[39m
[32m[nodemon] restarting due to changes...[39m
[32m[nodemon] restarting due to changes...[39m
[32m[nodemon] starting `ts-node --transpile-only src/app.ts`[39m
[32m[nodemon] restarting due to changes...[39m
[32m[nodemon] starting `ts-node --transpile-only src/app.ts`[39m
App listening on port 3001
[32m[nodemon] restarting due to changes...[39m
[32m[nodemon] starting `ts-node --transpile-only src/app.ts`[39m
[31m[nodemon] app crashed - waiting for file changes before starting...[39m
[32m[nodemon] restarting due to changes...[39m
[32m[nodemon] starting `ts-node --transpile-only src/app.ts`[39m
[32m[nodemon] restarting due to changes...[39m
[32m[nodemon] restarting due to changes...[39m
[32m[nodemon] restarting due to changes...[39m
[32m[nodemon] starting `ts-node --transpile-only src/app.ts`[39m
[32m[nodemon] restarting due to changes...[39m
[32m[nodemon] restarting due to changes...[39m
[32m[nodemon] starting `ts-node --transpile-only src/app.ts`[39m
[32m[nodemon] restarting due to changes...[39m
[32m[nodemon] starting `ts-node --transpile-only src/app.ts`[39m
[31m[nodemon] app crashed - waiting for file changes before starting...[39m
[32m[nodemon] restarting due to changes...[39m
[32m[nodemon] starting `ts-node --transpile-only src/app.ts`[39m
[32m[nodemon] restarting due to changes...[39m
[32m[nodemon] starting `ts-node --transpile-only src/app.ts`[39m
[31m[nodemon] app crashed - waiting for file changes before starting...[39m
[32m[nodemon] restarting due to changes...[39m
[32m[nodemon] starting `ts-node --transpile-only src/app.ts`[39m
[32m[nodemon] restarting due to changes...[39m
[32m[nodemon] restarting due to changes...[39m
[32m[nodemon] restarting due to changes...[39m
[32m[nodemon] starting `ts-node --transpile-only src/app.ts`[39m
[32m[nodemon] restarting due to changes...[39m
[32m[nodemon] restarting due to changes...[39m
[32m[nodemon] restarting due to changes...[39m
[32m[nodemon] starting `ts-node --transpile-only src/app.ts`[39m
App listening on port 3001
[32m[nodemon] restarting due to changes...[39m
[32m[nodemon] restarting due to changes...[39m
[32m[nodemon] starting `ts-node --transpile-only src/app.ts`[39m
App listening on port 3001
[31m[nodemon] app crashed - waiting for file changes before starting...[39m
[32m[nodemon] restarting due to changes...[39m
[32m[nodemon] starting `ts-node --transpile-only src/app.ts`[39m
[32m[nodemon] restarting due to changes...[39m
[32m[nodemon] restarting due to changes...[39m
[32m[nodemon] starting `ts-node --transpile-only src/app.ts`[39m
[32m[nodemon] restarting due to changes...[39m
[32m[nodemon] restarting due to changes...[39m
[32m[nodemon] starting `ts-node --transpile-only src/app.ts`[39m
[32m[nodemon] restarting due to changes...[39m
[32m[nodemon] restarting due to changes...[39m
[32m[nodemon] restarting due to changes...[39m
[32m[nodemon] starting `ts-node --transpile-only src/app.ts`[39m
App listening on port 3001
[32m[nodemon] restarting due to changes...[39m
[32m[nodemon] restarting due to changes...[39m
[32m[nodemon] starting `ts-node --transpile-only src/app.ts`[39m
App listening on port 3001
[32m[nodemon] restarting due to changes...[39m
[32m[nodemon] restarting due to changes...[39m
[32m[nodemon] starting `ts-node --transpile-only src/app.ts`[39m
[32m[nodemon] restarting due to changes...[39m
[32m[nodemon] restarting due to changes...[39m
[32m[nodemon] restarting due to changes...[39m
[32m[nodemon] starting `ts-node --transpile-only src/app.ts`[39m
[32m[nodemon] restarting due to changes...[39m
[32m[nodemon] restarting due to changes...[39m
[32m[nodemon] starting `ts-node --transpile-only src/app.ts`[39m
[31m[nodemon] app crashed - waiting for file changes before starting...[39m
[32m[nodemon] restarting due to changes...[39m
[32m[nodemon] starting `ts-node --transpile-only src/app.ts`[39m
[32m[nodemon] restarting due to changes...[39m
[32m[nodemon] starting `ts-node --transpile-only src/app.ts`[39m
[31m[nodemon] app crashed - waiting for file changes before starting...[39m
[32m[nodemon] restarting due to changes...[39m
[32m[nodemon] starting `ts-node --transpile-only src/app.ts`[39m
[32m[nodemon] restarting due to changes...[39m
[32m[nodemon] restarting due to changes...[39m
[32m[nodemon] restarting due to changes...[39m
[32m[nodemon] starting `ts-node --transpile-only src/app.ts`[39m
[32m[nodemon] restarting due to changes...[39m
[32m[nodemon] restarting due to changes...[39m
[32m[nodemon] restarting due to changes...[39m
[32m[nodemon] starting `ts-node --transpile-only src/app.ts`[39m
[32m[nodemon] restarting due to changes...[39m
[32m[nodemon] restarting due to changes...[39m
[32m[nodemon] restarting due to changes...[39m
[32m[nodemon] starting `ts-node --transpile-only src/app.ts`[39m
App listening on port 3001
[32m[nodemon] restarting due to changes...[39m
[32m[nodemon] restarting due to changes...[39m
[32m[nodemon] starting `ts-node --transpile-only src/app.ts`[39m
App listening on port 3001
[32m[nodemon] restarting due to changes...[39m
[32m[nodemon] restarting due to changes...[39m
[32m[nodemon] restarting due to changes...[39m
[32m[nodemon] starting `ts-node --transpile-only src/app.ts`[39m
[32m[nodemon] restarting due to changes...[39m
[32m[nodemon] starting `ts-node --transpile-only src/app.ts`[39m
App listening on port 3001
[32m[nodemon] restarting due to changes...[39m
[32m[nodemon] restarting due to changes...[39m
[32m[nodemon] starting `ts-node --transpile-only src/app.ts`[39m
App listening on port 3001
[32m[nodemon] restarting due to changes...[39m
[32m[nodemon] starting `ts-node --transpile-only src/app.ts`[39m
[31m[nodemon] app crashed - waiting for file changes before starting...[39m
[32m[nodemon] restarting due to changes...[39m
[32m[nodemon] starting `ts-node --transpile-only src/app.ts`[39m
[32m[nodemon] restarting due to changes...[39m
[32m[nodemon] starting `ts-node --transpile-only src/app.ts`[39m
[31m[nodemon] app crashed - waiting for file changes before starting...[39m
[32m[nodemon] restarting due to changes...[39m
[32m[nodemon] starting `ts-node --transpile-only src/app.ts`[39m
App listening on port 3001
[32m[nodemon] restarting due to changes...[39m
[32m[nodemon] restarting due to changes...[39m
[32m[nodemon] starting `ts-node --transpile-only src/app.ts`[39m
[32m[nodemon] restarting due to changes...[39m
[32m[nodemon] restarting due to changes...[39m
[32m[nodemon] restarting due to changes...[39m
[32m[nodemon] starting `ts-node --transpile-only src/app.ts`[39m
[32m[nodemon] restarting due to changes...[39m
[32m[nodemon] starting `ts-node --transpile-only src/app.ts`[39m
[31m[nodemon] app crashed - waiting for file changes before starting...[39m
[32m[nodemon] restarting due to changes...[39m
[32m[nodemon] starting `ts-node --transpile-only src/app.ts`[39m
App listening on port 3001
[32m[nodemon] restarting due to changes...[39m
[32m[nodemon] restarting due to changes...[39m
[32m[nodemon] starting `ts-node --transpile-only src/app.ts`[39m
App listening on port 3001
[32m[nodemon] restarting due to changes...[39m
[32m[nodemon] starting `ts-node --transpile-only src/app.ts`[39m
[31m[nodemon] app crashed - waiting for file changes before starting...[39m
[32m[nodemon] restarting due to changes...[39m
[32m[nodemon] starting `ts-node --transpile-only src/app.ts`[39m
[32m[nodemon] restarting due to changes...[39m
[32m[nodemon] restarting due to changes...[39m
[32m[nodemon] starting `ts-node --transpile-only src/app.ts`[39m
[31m[nodemon] app crashed - waiting for file changes before starting...[39m
[32m[nodemon] restarting due to changes...[39m
[32m[nodemon] starting `ts-node --transpile-only src/app.ts`[39m
[32m[nodemon] restarting due to changes...[39m
[32m[nodemon] restarting due to changes...[39m
[32m[nodemon] starting `ts-node --transpile-only src/app.ts`[39m
[31m[nodemon] app crashed - waiting for file changes before starting...[39m
[32m[nodemon] restarting due to changes...[39m
[32m[nodemon] starting `ts-node --transpile-only src/app.ts`[39m
App listening on port 3001
[32m[nodemon] restarting due to changes...[39m
[32m[nodemon] starting `ts-node --transpile-only src/app.ts`[39m
[31m[nodemon] app crashed - waiting for file changes before starting...[39m
[32m[nodemon] restarting due to changes...[39m
[32m[nodemon] starting `ts-node --transpile-only src/app.ts`[39m
[32m[nodemon] restarting due to changes...[39m
[32m[nodemon] restarting due to changes...[39m
[32m[nodemon] starting `ts-node --transpile-only src/app.ts`[39m
App listening on port 3001
[32m[nodemon] restarting due to changes...[39m
[32m[nodemon] starting `ts-node --transpile-only src/app.ts`[39m
[31m[nodemon] app crashed - waiting for file changes before starting...[39m
[32m[nodemon] restarting due to changes...[39m
[32m[nodemon] starting `ts-node --transpile-only src/app.ts`[39m
App listening on port 3001
[32m[nodemon] restarting due to changes...[39m
[32m[nodemon] starting `ts-node --transpile-only src/app.ts`[39m
[31m[nodemon] app crashed - waiting for file changes before starting...[39m
[32m[nodemon] restarting due to changes...[39m
[32m[nodemon] starting `ts-node --transpile-only src/app.ts`[39m
App listening on port 3001
[32m[nodemon] restarting due to changes...[39m
[32m[nodemon] starting `ts-node --transpile-only src/app.ts`[39m
[31m[nodemon] app crashed - waiting for file changes before starting...[39m
[32m[nodemon] restarting due to changes...[39m
[32m[nodemon] starting `ts-node --transpile-only src/app.ts`[39m
App listening on port 3001
[32m[nodemon] restarting due to changes...[39m
[32m[nodemon] starting `ts-node --transpile-only src/app.ts`[39m
App listening on port 3001
[32m[nodemon] restarting due to changes...[39m
[32m[nodemon] starting `ts-node --transpile-only src/app.ts`[39m
[31m[nodemon] app crashed - waiting for file changes before starting...[39m
[32m[nodemon] restarting due to changes...[39m
[32m[nodemon] starting `ts-node --transpile-only src/app.ts`[39m
[32m[nodemon] restarting due to changes...[39m
[32m[nodemon] starting `ts-node --transpile-only src/app.ts`[39m
[31m[nodemon] app crashed - waiting for file changes before starting...[39m
[32m[nodemon] restarting due to changes...[39m
[32m[nodemon] starting `ts-node --transpile-only src/app.ts`[39m
[32m[nodemon] restarting due to changes...[39m
[32m[nodemon] restarting due to changes...[39m
[32m[nodemon] restarting due to changes...[39m
[32m[nodemon] starting `ts-node --transpile-only src/app.ts`[39m
App listening on port 3001
[32m[nodemon] restarting due to changes...[39m
[32m[nodemon] restarting due to changes...[39m
[32m[nodemon] starting `ts-node --transpile-only src/app.ts`[39m
App listening on port 3001
[32m[nodemon] restarting due to changes...[39m
[32m[nodemon] starting `ts-node --transpile-only src/app.ts`[39m
[31m[nodemon] app crashed - waiting for file changes before starting...[39m
[32m[nodemon] restarting due to changes...[39m
[32m[nodemon] starting `ts-node --transpile-only src/app.ts`[39m
App listening on port 3001
[32m[nodemon] restarting due to changes...[39m
[32m[nodemon] restarting due to changes...[39m
[32m[nodemon] starting `ts-node --transpile-only src/app.ts`[39m
App listening on port 3001
[32m[nodemon] restarting due to changes...[39m
[32m[nodemon] starting `ts-node --transpile-only src/app.ts`[39m
[31m[nodemon] app crashed - waiting for file changes before starting...[39m
[32m[nodemon] restarting due to changes...[39m
[32m[nodemon] starting `ts-node --transpile-only src/app.ts`[39m
[32m[nodemon] restarting due to changes...[39m
[32m[nodemon] restarting due to changes...[39m
[32m[nodemon] restarting due to changes...[39m
[32m[nodemon] starting `ts-node --transpile-only src/app.ts`[39m
[32m[nodemon] restarting due to changes...[39m
[32m[nodemon] restarting due to changes...[39m
[32m[nodemon] restarting due to changes...[39m
[32m[nodemon] starting `ts-node --transpile-only src/app.ts`[39m
[32m[nodemon] restarting due to changes...[39m
[32m[nodemon] restarting due to changes...[39m
[32m[nodemon] restarting due to changes...[39m
[32m[nodemon] starting `ts-node --transpile-only src/app.ts`[39m
[32m[nodemon] restarting due to changes...[39m
[32m[nodemon] starting `ts-node --transpile-only src/app.ts`[39m
[31m[nodemon] app crashed - waiting for file changes before starting...[39m
[32m[nodemon] restarting due to changes...[39m
[32m[nodemon] starting `ts-node --transpile-only src/app.ts`[39m
App listening on port 3001
[32m[nodemon] restarting due to changes...[39m
[32m[nodemon] starting `ts-node --transpile-only src/app.ts`[39m
App listening on port 3001
[32m[nodemon] restarting due to changes...[39m
[32m[nodemon] starting `ts-node --transpile-only src/app.ts`[39m
[31m[nodemon] app crashed - waiting for file changes before starting...[39m
[32m[nodemon] restarting due to changes...[39m
[32m[nodemon] starting `ts-node --transpile-only src/app.ts`[39m
App listening on port 3001
[32m[nodemon] restarting due to changes...[39m
[32m[nodemon] starting `ts-node --transpile-only src/app.ts`[39m
[31m[nodemon] app crashed - waiting for file changes before starting...[39m
[32m[nodemon] restarting due to changes...[39m
[32m[nodemon] starting `ts-node --transpile-only src/app.ts`[39m
App listening on port 3001
[32m[nodemon] restarting due to changes...[39m
[32m[nodemon] starting `ts-node --transpile-only src/app.ts`[39m
[31m[nodemon] app crashed - waiting for file changes before starting...[39m
[32m[nodemon] restarting due to changes...[39m
[32m[nodemon] starting `ts-node --transpile-only src/app.ts`[39m
App listening on port 3001
[32m[nodemon] restarting due to changes...[39m
[32m[nodemon] starting `ts-node --transpile-only src/app.ts`[39m
[31m[nodemon] app crashed - waiting for file changes before starting...[39m
[32m[nodemon] restarting due to changes...[39m
[32m[nodemon] starting `ts-node --transpile-only src/app.ts`[39m
App listening on port 3001
[32m[nodemon] restarting due to changes...[39m
[32m[nodemon] starting `ts-node --transpile-only src/app.ts`[39m
[31m[nodemon] app crashed - waiting for file changes before starting...[39m
[32m[nodemon] restarting due to changes...[39m
[32m[nodemon] starting `ts-node --transpile-only src/app.ts`[39m
App listening on port 3001
[32m[nodemon] restarting due to changes...[39m
[32m[nodemon] starting `ts-node --transpile-only src/app.ts`[39m
App listening on port 3001
[32m[nodemon] restarting due to changes...[39m
[32m[nodemon] starting `ts-node --transpile-only src/app.ts`[39m
[31m[nodemon] app crashed - waiting for file changes before starting...[39m
[32m[nodemon] restarting due to changes...[39m
[32m[nodemon] starting `ts-node --transpile-only src/app.ts`[39m
App listening on port 3001
[32m[nodemon] restarting due to changes...[39m
[32m[nodemon] starting `ts-node --transpile-only src/app.ts`[39m
[31m[nodemon] app crashed - waiting for file changes before starting...[39m
[32m[nodemon] restarting due to changes...[39m
[32m[nodemon] starting `ts-node --transpile-only src/app.ts`[39m
App listening on port 3001
[32m[nodemon] restarting due to changes...[39m
[32m[nodemon] starting `ts-node --transpile-only src/app.ts`[39m
[31m[nodemon] app crashed - waiting for file changes before starting...[39m
[32m[nodemon] restarting due to changes...[39m
[32m[nodemon] starting `ts-node --transpile-only src/app.ts`[39m
App listening on port 3001
[32m[nodemon] restarting due to changes...[39m
[32m[nodemon] starting `ts-node --transpile-only src/app.ts`[39m
[31m[nodemon] app crashed - waiting for file changes before starting...[39m
[32m[nodemon] restarting due to changes...[39m
[32m[nodemon] starting `ts-node --transpile-only src/app.ts`[39m
App listening on port 3001
[32m[nodemon] restarting due to changes...[39m
[32m[nodemon] starting `ts-node --transpile-only src/app.ts`[39m
[31m[nodemon] app crashed - waiting for file changes before starting...[39m
[32m[nodemon] restarting due to changes...[39m
[32m[nodemon] starting `ts-node --transpile-only src/app.ts`[39m
App listening on port 3001
[32m[nodemon] restarting due to changes...[39m
[32m[nodemon] starting `ts-node --transpile-only src/app.ts`[39m
[31m[nodemon] app crashed - waiting for file changes before starting...[39m
[32m[nodemon] restarting due to changes...[39m
[32m[nodemon] starting `ts-node --transpile-only src/app.ts`[39m
App listening on port 3001
[32m[nodemon] restarting due to changes...[39m
[32m[nodemon] starting `ts-node --transpile-only src/app.ts`[39m
[31m[nodemon] app crashed - waiting for file changes before starting...[39m
[32m[nodemon] restarting due to changes...[39m
[32m[nodemon] starting `ts-node --transpile-only src/app.ts`[39m
App listening on port 3001
[32m[nodemon] restarting due to changes...[39m
[32m[nodemon] starting `ts-node --transpile-only src/app.ts`[39m
[31m[nodemon] app crashed - waiting for file changes before starting...[39m
[32m[nodemon] restarting due to changes...[39m
[32m[nodemon] starting `ts-node --transpile-only src/app.ts`[39m
App listening on port 3001
[32m[nodemon] restarting due to changes...[39m
[32m[nodemon] starting `ts-node --transpile-only src/app.ts`[39m
[31m[nodemon] app crashed - waiting for file changes before starting...[39m
[32m[nodemon] restarting due to changes...[39m
[32m[nodemon] starting `ts-node --transpile-only src/app.ts`[39m
App listening on port 3001
[32m[nodemon] restarting due to changes...[39m
[32m[nodemon] starting `ts-node --transpile-only src/app.ts`[39m
[31m[nodemon] app crashed - waiting for file changes before starting...[39m
