Error: listen EADDRINUSE: address already in use :::3001
    at Server.setupListenHandle [as _listen2] (node:net:1940:16)
    at listenInCluster (node:net:1997:12)
    at Server.listen (node:net:2102:7)
    at Function.listen (d:\Projects\Hospital-Management-System\node_modules\express\lib\application.js:635:24)
    at d:\Projects\Hospital-Management-System\server\src\app.ts:24:9
    at processTicksAndRejections (node:internal/process/task_queues:105:5) {
  code: 'EADDRINUSE',
  errno: -4091,
  syscall: 'listen',
  address: '::',
  port: 3001
}
Error: listen EADDRINUSE: address already in use :::3001
    at Server.setupListenHandle [as _listen2] (node:net:1940:16)
    at listenInCluster (node:net:1997:12)
    at Server.listen (node:net:2102:7)
    at Function.listen (d:\Projects\Hospital-Management-System\node_modules\express\lib\application.js:635:24)
    at d:\Projects\Hospital-Management-System\server\src\app.ts:24:9
    at processTicksAndRejections (node:internal/process/task_queues:105:5) {
  code: 'EADDRINUSE',
  errno: -4091,
  syscall: 'listen',
  address: '::',
  port: 3001
}
Error: listen EADDRINUSE: address already in use :::3001
    at Server.setupListenHandle [as _listen2] (node:net:1940:16)
    at listenInCluster (node:net:1997:12)
    at Server.listen (node:net:2102:7)
    at Function.listen (d:\Projects\Hospital-Management-System\node_modules\express\lib\application.js:635:24)
    at d:\Projects\Hospital-Management-System\server\src\app.ts:24:9
    at processTicksAndRejections (node:internal/process/task_queues:105:5) {
  code: 'EADDRINUSE',
  errno: -4091,
  syscall: 'listen',
  address: '::',
  port: 3001
}
Error: listen EADDRINUSE: address already in use :::3001
    at Server.setupListenHandle [as _listen2] (node:net:1940:16)
    at listenInCluster (node:net:1997:12)
    at Server.listen (node:net:2102:7)
    at Function.listen (d:\Projects\Hospital-Management-System\node_modules\express\lib\application.js:635:24)
    at d:\Projects\Hospital-Management-System\server\src\app.ts:24:9
    at processTicksAndRejections (node:internal/process/task_queues:105:5) {
  code: 'EADDRINUSE',
  errno: -4091,
  syscall: 'listen',
  address: '::',
  port: 3001
}
Error: listen EADDRINUSE: address already in use :::3001
    at Server.setupListenHandle [as _listen2] (node:net:1940:16)
    at listenInCluster (node:net:1997:12)
    at Server.listen (node:net:2102:7)
    at Function.listen (d:\Projects\Hospital-Management-System\node_modules\express\lib\application.js:635:24)
    at d:\Projects\Hospital-Management-System\server\src\app.ts:24:9
    at processTicksAndRejections (node:internal/process/task_queues:105:5) {
  code: 'EADDRINUSE',
  errno: -4091,
  syscall: 'listen',
  address: '::',
  port: 3001
}
Error: listen EADDRINUSE: address already in use :::3001
    at Server.setupListenHandle [as _listen2] (node:net:1940:16)
    at listenInCluster (node:net:1997:12)
    at Server.listen (node:net:2102:7)
    at Function.listen (d:\Projects\Hospital-Management-System\node_modules\express\lib\application.js:635:24)
    at d:\Projects\Hospital-Management-System\server\src\app.ts:24:9
    at processTicksAndRejections (node:internal/process/task_queues:105:5) {
  code: 'EADDRINUSE',
  errno: -4091,
  syscall: 'listen',
  address: '::',
  port: 3001
}
Error: listen EADDRINUSE: address already in use :::3001
    at Server.setupListenHandle [as _listen2] (node:net:1940:16)
    at listenInCluster (node:net:1997:12)
    at Server.listen (node:net:2102:7)
    at Function.listen (d:\Projects\Hospital-Management-System\node_modules\express\lib\application.js:635:24)
    at d:\Projects\Hospital-Management-System\server\src\app.ts:24:9
    at processTicksAndRejections (node:internal/process/task_queues:105:5) {
  code: 'EADDRINUSE',
  errno: -4091,
  syscall: 'listen',
  address: '::',
  port: 3001
}
Error: listen EADDRINUSE: address already in use :::3001
    at Server.setupListenHandle [as _listen2] (node:net:1940:16)
    at listenInCluster (node:net:1997:12)
    at Server.listen (node:net:2102:7)
    at Function.listen (d:\Projects\Hospital-Management-System\node_modules\express\lib\application.js:635:24)
    at d:\Projects\Hospital-Management-System\server\src\app.ts:24:9
    at processTicksAndRejections (node:internal/process/task_queues:105:5) {
  code: 'EADDRINUSE',
  errno: -4091,
  syscall: 'listen',
  address: '::',
  port: 3001
}
Error: listen EADDRINUSE: address already in use :::3001
    at Server.setupListenHandle [as _listen2] (node:net:1940:16)
    at listenInCluster (node:net:1997:12)
    at Server.listen (node:net:2102:7)
    at Function.listen (d:\Projects\Hospital-Management-System\node_modules\express\lib\application.js:635:24)
    at d:\Projects\Hospital-Management-System\server\src\app.ts:24:9
    at processTicksAndRejections (node:internal/process/task_queues:105:5) {
  code: 'EADDRINUSE',
  errno: -4091,
  syscall: 'listen',
  address: '::',
  port: 3001
}
Error: listen EADDRINUSE: address already in use :::3001
    at Server.setupListenHandle [as _listen2] (node:net:1940:16)
    at listenInCluster (node:net:1997:12)
    at Server.listen (node:net:2102:7)
    at Function.listen (d:\Projects\Hospital-Management-System\node_modules\express\lib\application.js:635:24)
    at d:\Projects\Hospital-Management-System\server\src\app.ts:24:9
    at processTicksAndRejections (node:internal/process/task_queues:105:5) {
  code: 'EADDRINUSE',
  errno: -4091,
  syscall: 'listen',
  address: '::',
  port: 3001
}
Error: listen EADDRINUSE: address already in use :::3001
    at Server.setupListenHandle [as _listen2] (node:net:1940:16)
    at listenInCluster (node:net:1997:12)
    at Server.listen (node:net:2102:7)
    at Function.listen (d:\Projects\Hospital-Management-System\node_modules\express\lib\application.js:635:24)
    at d:\Projects\Hospital-Management-System\server\src\app.ts:26:9
    at processTicksAndRejections (node:internal/process/task_queues:105:5) {
  code: 'EADDRINUSE',
  errno: -4091,
  syscall: 'listen',
  address: '::',
  port: 3001
}
Error: listen EADDRINUSE: address already in use :::3001
    at Server.setupListenHandle [as _listen2] (node:net:1940:16)
    at listenInCluster (node:net:1997:12)
    at Server.listen (node:net:2102:7)
    at Function.listen (d:\Projects\Hospital-Management-System\node_modules\express\lib\application.js:635:24)
    at d:\Projects\Hospital-Management-System\server\src\app.ts:26:9
    at processTicksAndRejections (node:internal/process/task_queues:105:5) {
  code: 'EADDRINUSE',
  errno: -4091,
  syscall: 'listen',
  address: '::',
  port: 3001
}
Error: listen EADDRINUSE: address already in use :::3001
    at Server.setupListenHandle [as _listen2] (node:net:1940:16)
    at listenInCluster (node:net:1997:12)
    at Server.listen (node:net:2102:7)
    at Function.listen (d:\Projects\Hospital-Management-System\node_modules\express\lib\application.js:635:24)
    at d:\Projects\Hospital-Management-System\server\src\app.ts:26:9
    at processTicksAndRejections (node:internal/process/task_queues:105:5) {
  code: 'EADDRINUSE',
  errno: -4091,
  syscall: 'listen',
  address: '::',
  port: 3001
}
Error: listen EADDRINUSE: address already in use :::3001
    at Server.setupListenHandle [as _listen2] (node:net:1940:16)
    at listenInCluster (node:net:1997:12)
    at Server.listen (node:net:2102:7)
    at Function.listen (d:\Projects\Hospital-Management-System\node_modules\express\lib\application.js:635:24)
    at d:\Projects\Hospital-Management-System\server\src\app.ts:26:9
    at processTicksAndRejections (node:internal/process/task_queues:105:5) {
  code: 'EADDRINUSE',
  errno: -4091,
  syscall: 'listen',
  address: '::',
  port: 3001
}
Error: listen EADDRINUSE: address already in use :::3001
    at Server.setupListenHandle [as _listen2] (node:net:1940:16)
    at listenInCluster (node:net:1997:12)
    at Server.listen (node:net:2102:7)
    at Function.listen (d:\Projects\Hospital-Management-System\node_modules\express\lib\application.js:635:24)
    at d:\Projects\Hospital-Management-System\server\src\app.ts:26:9
    at processTicksAndRejections (node:internal/process/task_queues:105:5) {
  code: 'EADDRINUSE',
  errno: -4091,
  syscall: 'listen',
  address: '::',
  port: 3001
}
Error: listen EADDRINUSE: address already in use :::3001
    at Server.setupListenHandle [as _listen2] (node:net:1940:16)
    at listenInCluster (node:net:1997:12)
    at Server.listen (node:net:2102:7)
    at Function.listen (d:\Projects\Hospital-Management-System\node_modules\express\lib\application.js:635:24)
    at d:\Projects\Hospital-Management-System\server\src\app.ts:26:9
    at processTicksAndRejections (node:internal/process/task_queues:105:5) {
  code: 'EADDRINUSE',
  errno: -4091,
  syscall: 'listen',
  address: '::',
  port: 3001
}
Error: listen EADDRINUSE: address already in use :::3001
    at Server.setupListenHandle [as _listen2] (node:net:1940:16)
    at listenInCluster (node:net:1997:12)
    at Server.listen (node:net:2102:7)
    at Function.listen (d:\Projects\Hospital-Management-System\node_modules\express\lib\application.js:635:24)
    at d:\Projects\Hospital-Management-System\server\src\app.ts:26:9
    at processTicksAndRejections (node:internal/process/task_queues:105:5) {
  code: 'EADDRINUSE',
  errno: -4091,
  syscall: 'listen',
  address: '::',
  port: 3001
}
Error: listen EADDRINUSE: address already in use :::3001
    at Server.setupListenHandle [as _listen2] (node:net:1940:16)
    at listenInCluster (node:net:1997:12)
    at Server.listen (node:net:2102:7)
    at Function.listen (d:\Projects\Hospital-Management-System\node_modules\express\lib\application.js:635:24)
    at d:\Projects\Hospital-Management-System\server\src\app.ts:26:9
    at processTicksAndRejections (node:internal/process/task_queues:105:5) {
  code: 'EADDRINUSE',
  errno: -4091,
  syscall: 'listen',
  address: '::',
  port: 3001
}
Error: listen EADDRINUSE: address already in use :::3001
    at Server.setupListenHandle [as _listen2] (node:net:1940:16)
    at listenInCluster (node:net:1997:12)
    at Server.listen (node:net:2102:7)
    at Function.listen (d:\Projects\Hospital-Management-System\node_modules\express\lib\application.js:635:24)
    at d:\Projects\Hospital-Management-System\server\src\app.ts:26:9
    at processTicksAndRejections (node:internal/process/task_queues:105:5) {
  code: 'EADDRINUSE',
  errno: -4091,
  syscall: 'listen',
  address: '::',
  port: 3001
}
Error: listen EADDRINUSE: address already in use :::3001
    at Server.setupListenHandle [as _listen2] (node:net:1940:16)
    at listenInCluster (node:net:1997:12)
    at Server.listen (node:net:2102:7)
    at Function.listen (d:\Projects\Hospital-Management-System\node_modules\express\lib\application.js:635:24)
    at d:\Projects\Hospital-Management-System\server\src\app.ts:26:9
    at processTicksAndRejections (node:internal/process/task_queues:105:5) {
  code: 'EADDRINUSE',
  errno: -4091,
  syscall: 'listen',
  address: '::',
  port: 3001
}
Error: listen EADDRINUSE: address already in use :::3001
    at Server.setupListenHandle [as _listen2] (node:net:1940:16)
    at listenInCluster (node:net:1997:12)
    at Server.listen (node:net:2102:7)
    at Function.listen (d:\Projects\Hospital-Management-System\node_modules\express\lib\application.js:635:24)
    at d:\Projects\Hospital-Management-System\server\src\app.ts:26:9
    at processTicksAndRejections (node:internal/process/task_queues:105:5) {
  code: 'EADDRINUSE',
  errno: -4091,
  syscall: 'listen',
  address: '::',
  port: 3001
}
Error: listen EADDRINUSE: address already in use :::3001
    at Server.setupListenHandle [as _listen2] (node:net:1940:16)
    at listenInCluster (node:net:1997:12)
    at Server.listen (node:net:2102:7)
    at Function.listen (d:\Projects\Hospital-Management-System\node_modules\express\lib\application.js:635:24)
    at d:\Projects\Hospital-Management-System\server\src\app.ts:26:9
    at processTicksAndRejections (node:internal/process/task_queues:105:5) {
  code: 'EADDRINUSE',
  errno: -4091,
  syscall: 'listen',
  address: '::',
  port: 3001
}
Error: listen EADDRINUSE: address already in use :::3001
    at Server.setupListenHandle [as _listen2] (node:net:1940:16)
    at listenInCluster (node:net:1997:12)
    at Server.listen (node:net:2102:7)
    at Function.listen (d:\Projects\Hospital-Management-System\node_modules\express\lib\application.js:635:24)
    at d:\Projects\Hospital-Management-System\server\src\app.ts:26:9
    at processTicksAndRejections (node:internal/process/task_queues:105:5) {
  code: 'EADDRINUSE',
  errno: -4091,
  syscall: 'listen',
  address: '::',
  port: 3001
}
Error: listen EADDRINUSE: address already in use :::3001
    at Server.setupListenHandle [as _listen2] (node:net:1940:16)
    at listenInCluster (node:net:1997:12)
    at Server.listen (node:net:2102:7)
    at Function.listen (d:\Projects\Hospital-Management-System\node_modules\express\lib\application.js:635:24)
    at d:\Projects\Hospital-Management-System\server\src\app.ts:26:9
    at processTicksAndRejections (node:internal/process/task_queues:105:5) {
  code: 'EADDRINUSE',
  errno: -4091,
  syscall: 'listen',
  address: '::',
  port: 3001
}
Error: listen EADDRINUSE: address already in use :::3001
    at Server.setupListenHandle [as _listen2] (node:net:1940:16)
    at listenInCluster (node:net:1997:12)
    at Server.listen (node:net:2102:7)
    at Function.listen (d:\Projects\Hospital-Management-System\node_modules\express\lib\application.js:635:24)
    at d:\Projects\Hospital-Management-System\server\src\app.ts:26:9
    at processTicksAndRejections (node:internal/process/task_queues:105:5) {
  code: 'EADDRINUSE',
  errno: -4091,
  syscall: 'listen',
  address: '::',
  port: 3001
}
Error: listen EADDRINUSE: address already in use :::3001
    at Server.setupListenHandle [as _listen2] (node:net:1940:16)
    at listenInCluster (node:net:1997:12)
    at Server.listen (node:net:2102:7)
    at Function.listen (d:\Projects\Hospital-Management-System\node_modules\express\lib\application.js:635:24)
    at d:\Projects\Hospital-Management-System\server\src\app.ts:26:9
    at processTicksAndRejections (node:internal/process/task_queues:105:5) {
  code: 'EADDRINUSE',
  errno: -4091,
  syscall: 'listen',
  address: '::',
  port: 3001
}
Error: listen EADDRINUSE: address already in use :::3001
    at Server.setupListenHandle [as _listen2] (node:net:1940:16)
    at listenInCluster (node:net:1997:12)
    at Server.listen (node:net:2102:7)
    at Function.listen (d:\Projects\Hospital-Management-System\node_modules\express\lib\application.js:635:24)
    at d:\Projects\Hospital-Management-System\server\src\app.ts:26:9
    at processTicksAndRejections (node:internal/process/task_queues:105:5) {
  code: 'EADDRINUSE',
  errno: -4091,
  syscall: 'listen',
  address: '::',
  port: 3001
}
Error: listen EADDRINUSE: address already in use :::3001
    at Server.setupListenHandle [as _listen2] (node:net:1940:16)
    at listenInCluster (node:net:1997:12)
    at Server.listen (node:net:2102:7)
    at Function.listen (d:\Projects\Hospital-Management-System\node_modules\express\lib\application.js:635:24)
    at d:\Projects\Hospital-Management-System\server\src\app.ts:26:9
    at processTicksAndRejections (node:internal/process/task_queues:105:5) {
  code: 'EADDRINUSE',
  errno: -4091,
  syscall: 'listen',
  address: '::',
  port: 3001
}
Error: listen EADDRINUSE: address already in use :::3001
    at Server.setupListenHandle [as _listen2] (node:net:1940:16)
    at listenInCluster (node:net:1997:12)
    at Server.listen (node:net:2102:7)
    at Function.listen (d:\Projects\Hospital-Management-System\node_modules\express\lib\application.js:635:24)
    at d:\Projects\Hospital-Management-System\server\src\app.ts:26:9
    at processTicksAndRejections (node:internal/process/task_queues:105:5) {
  code: 'EADDRINUSE',
  errno: -4091,
  syscall: 'listen',
  address: '::',
  port: 3001
}
Error: listen EADDRINUSE: address already in use :::3001
    at Server.setupListenHandle [as _listen2] (node:net:1940:16)
    at listenInCluster (node:net:1997:12)
    at Server.listen (node:net:2102:7)
    at Function.listen (d:\Projects\Hospital-Management-System\node_modules\express\lib\application.js:635:24)
    at d:\Projects\Hospital-Management-System\server\src\app.ts:26:9
    at processTicksAndRejections (node:internal/process/task_queues:105:5) {
  code: 'EADDRINUSE',
  errno: -4091,
  syscall: 'listen',
  address: '::',
  port: 3001
}
Error: listen EADDRINUSE: address already in use :::3001
    at Server.setupListenHandle [as _listen2] (node:net:1940:16)
    at listenInCluster (node:net:1997:12)
    at Server.listen (node:net:2102:7)
    at Function.listen (d:\Projects\Hospital-Management-System\node_modules\express\lib\application.js:635:24)
    at d:\Projects\Hospital-Management-System\server\src\app.ts:26:9
    at processTicksAndRejections (node:internal/process/task_queues:105:5) {
  code: 'EADDRINUSE',
  errno: -4091,
  syscall: 'listen',
  address: '::',
  port: 3001
}
Error: listen EADDRINUSE: address already in use :::3001
    at Server.setupListenHandle [as _listen2] (node:net:1940:16)
    at listenInCluster (node:net:1997:12)
    at Server.listen (node:net:2102:7)
    at Function.listen (d:\Projects\Hospital-Management-System\node_modules\express\lib\application.js:635:24)
    at d:\Projects\Hospital-Management-System\server\src\app.ts:26:9
    at processTicksAndRejections (node:internal/process/task_queues:105:5) {
  code: 'EADDRINUSE',
  errno: -4091,
  syscall: 'listen',
  address: '::',
  port: 3001
}
Error: listen EADDRINUSE: address already in use :::3001
    at Server.setupListenHandle [as _listen2] (node:net:1940:16)
    at listenInCluster (node:net:1997:12)
    at Server.listen (node:net:2102:7)
    at Function.listen (d:\Projects\Hospital-Management-System\node_modules\express\lib\application.js:635:24)
    at d:\Projects\Hospital-Management-System\server\src\app.ts:26:9
    at processTicksAndRejections (node:internal/process/task_queues:105:5) {
  code: 'EADDRINUSE',
  errno: -4091,
  syscall: 'listen',
  address: '::',
  port: 3001
}
Error: listen EADDRINUSE: address already in use :::3001
    at Server.setupListenHandle [as _listen2] (node:net:1940:16)
    at listenInCluster (node:net:1997:12)
    at Server.listen (node:net:2102:7)
    at Function.listen (d:\Projects\Hospital-Management-System\node_modules\express\lib\application.js:635:24)
    at d:\Projects\Hospital-Management-System\server\src\app.ts:26:9
    at processTicksAndRejections (node:internal/process/task_queues:105:5) {
  code: 'EADDRINUSE',
  errno: -4091,
  syscall: 'listen',
  address: '::',
  port: 3001
}
Error: listen EADDRINUSE: address already in use :::3001
    at Server.setupListenHandle [as _listen2] (node:net:1940:16)
    at listenInCluster (node:net:1997:12)
    at Server.listen (node:net:2102:7)
    at Function.listen (d:\Projects\Hospital-Management-System\node_modules\express\lib\application.js:635:24)
    at d:\Projects\Hospital-Management-System\server\src\app.ts:26:9
    at processTicksAndRejections (node:internal/process/task_queues:105:5) {
  code: 'EADDRINUSE',
  errno: -4091,
  syscall: 'listen',
  address: '::',
  port: 3001
}
Error: listen EADDRINUSE: address already in use :::3001
    at Server.setupListenHandle [as _listen2] (node:net:1940:16)
    at listenInCluster (node:net:1997:12)
    at Server.listen (node:net:2102:7)
    at Function.listen (d:\Projects\Hospital-Management-System\node_modules\express\lib\application.js:635:24)
    at d:\Projects\Hospital-Management-System\server\src\app.ts:26:9
    at processTicksAndRejections (node:internal/process/task_queues:105:5) {
  code: 'EADDRINUSE',
  errno: -4091,
  syscall: 'listen',
  address: '::',
  port: 3001
}
Error: listen EADDRINUSE: address already in use :::3001
    at Server.setupListenHandle [as _listen2] (node:net:1940:16)
    at listenInCluster (node:net:1997:12)
    at Server.listen (node:net:2102:7)
    at Function.listen (d:\Projects\Hospital-Management-System\node_modules\express\lib\application.js:635:24)
    at d:\Projects\Hospital-Management-System\server\src\app.ts:26:9
    at processTicksAndRejections (node:internal/process/task_queues:105:5) {
  code: 'EADDRINUSE',
  errno: -4091,
  syscall: 'listen',
  address: '::',
  port: 3001
}
Error: listen EADDRINUSE: address already in use :::3001
    at Server.setupListenHandle [as _listen2] (node:net:1940:16)
    at listenInCluster (node:net:1997:12)
    at Server.listen (node:net:2102:7)
    at Function.listen (d:\Projects\Hospital-Management-System\node_modules\express\lib\application.js:635:24)
    at d:\Projects\Hospital-Management-System\server\src\app.ts:26:9
    at processTicksAndRejections (node:internal/process/task_queues:105:5) {
  code: 'EADDRINUSE',
  errno: -4091,
  syscall: 'listen',
  address: '::',
  port: 3001
}
Error: listen EADDRINUSE: address already in use :::3001
    at Server.setupListenHandle [as _listen2] (node:net:1940:16)
    at listenInCluster (node:net:1997:12)
    at Server.listen (node:net:2102:7)
    at Function.listen (d:\Projects\Hospital-Management-System\node_modules\express\lib\application.js:635:24)
    at d:\Projects\Hospital-Management-System\server\src\app.ts:26:9
    at processTicksAndRejections (node:internal/process/task_queues:105:5) {
  code: 'EADDRINUSE',
  errno: -4091,
  syscall: 'listen',
  address: '::',
  port: 3001
}
Error: listen EADDRINUSE: address already in use :::3001
    at Server.setupListenHandle [as _listen2] (node:net:1940:16)
    at listenInCluster (node:net:1997:12)
    at Server.listen (node:net:2102:7)
    at Function.listen (d:\Projects\Hospital-Management-System\node_modules\express\lib\application.js:635:24)
    at d:\Projects\Hospital-Management-System\server\src\app.ts:26:9
    at processTicksAndRejections (node:internal/process/task_queues:105:5) {
  code: 'EADDRINUSE',
  errno: -4091,
  syscall: 'listen',
  address: '::',
  port: 3001
}
Error: listen EADDRINUSE: address already in use :::3001
    at Server.setupListenHandle [as _listen2] (node:net:1940:16)
    at listenInCluster (node:net:1997:12)
    at Server.listen (node:net:2102:7)
    at Function.listen (d:\Projects\Hospital-Management-System\node_modules\express\lib\application.js:635:24)
    at d:\Projects\Hospital-Management-System\server\src\app.ts:26:9
    at processTicksAndRejections (node:internal/process/task_queues:105:5) {
  code: 'EADDRINUSE',
  errno: -4091,
  syscall: 'listen',
  address: '::',
  port: 3001
}
Error: listen EADDRINUSE: address already in use :::3001
    at Server.setupListenHandle [as _listen2] (node:net:1940:16)
    at listenInCluster (node:net:1997:12)
    at Server.listen (node:net:2102:7)
    at Function.listen (d:\Projects\Hospital-Management-System\node_modules\express\lib\application.js:635:24)
    at d:\Projects\Hospital-Management-System\server\src\app.ts:26:9
    at processTicksAndRejections (node:internal/process/task_queues:105:5) {
  code: 'EADDRINUSE',
  errno: -4091,
  syscall: 'listen',
  address: '::',
  port: 3001
}
Error: listen EADDRINUSE: address already in use :::3001
    at Server.setupListenHandle [as _listen2] (node:net:1940:16)
    at listenInCluster (node:net:1997:12)
    at Server.listen (node:net:2102:7)
    at Function.listen (d:\Projects\Hospital-Management-System\node_modules\express\lib\application.js:635:24)
    at d:\Projects\Hospital-Management-System\server\src\app.ts:26:9
    at processTicksAndRejections (node:internal/process/task_queues:105:5) {
  code: 'EADDRINUSE',
  errno: -4091,
  syscall: 'listen',
  address: '::',
  port: 3001
}
Error: listen EADDRINUSE: address already in use :::3001
    at Server.setupListenHandle [as _listen2] (node:net:1940:16)
    at listenInCluster (node:net:1997:12)
    at Server.listen (node:net:2102:7)
    at Function.listen (d:\Projects\Hospital-Management-System\node_modules\express\lib\application.js:635:24)
    at d:\Projects\Hospital-Management-System\server\src\app.ts:26:9
    at processTicksAndRejections (node:internal/process/task_queues:105:5) {
  code: 'EADDRINUSE',
  errno: -4091,
  syscall: 'listen',
  address: '::',
  port: 3001
}
Error: listen EADDRINUSE: address already in use :::3001
    at Server.setupListenHandle [as _listen2] (node:net:1940:16)
    at listenInCluster (node:net:1997:12)
    at Server.listen (node:net:2102:7)
    at Function.listen (d:\Projects\Hospital-Management-System\node_modules\express\lib\application.js:635:24)
    at d:\Projects\Hospital-Management-System\server\src\app.ts:26:9
    at processTicksAndRejections (node:internal/process/task_queues:105:5) {
  code: 'EADDRINUSE',
  errno: -4091,
  syscall: 'listen',
  address: '::',
  port: 3001
}
Error: listen EADDRINUSE: address already in use :::3001
    at Server.setupListenHandle [as _listen2] (node:net:1940:16)
    at listenInCluster (node:net:1997:12)
    at Server.listen (node:net:2102:7)
    at Function.listen (d:\Projects\Hospital-Management-System\node_modules\express\lib\application.js:635:24)
    at d:\Projects\Hospital-Management-System\server\src\app.ts:26:9
    at processTicksAndRejections (node:internal/process/task_queues:105:5) {
  code: 'EADDRINUSE',
  errno: -4091,
  syscall: 'listen',
  address: '::',
  port: 3001
}
